<?xml version="1.0" encoding="UTF-8"?>
<!-- Generated by org.testng.reporters.JUnitXMLReporter -->
<testsuite ignored="2" hostname="Hinata" failures="1" tests="7" name="OrangeHRM Full Test Run" time="132.408" errors="0" timestamp="2026-08-03T15:41:37 IST">
  <testcase classname="com.orangehrm.qa.tests.LoginTest" name="TC01_ValidLoginTest" time="2.094"/>
  <testcase classname="com.orangehrm.qa.tests.LoginTest" name="TC02_InvalidPasswordTest" time="2.281"/>
  <testcase classname="com.orangehrm.qa.tests.LoginTest" name="TC03_EmptyUsernameTest" time="0.818"/>
  <testcase classname="com.orangehrm.qa.tests.LoginTest" name="TC04_EmptyPasswordTest" time="0.46"/>
  <testcase classname="com.orangehrm.qa.tests.LoginTest" name="TC05_BothFieldsEmptyTest" time="0.248"/>
  <testcase classname="com.orangehrm.qa.tests.PIMTest" name="TC06_AddNewEmployeeTest" time="35.179">
    <failure type="java.lang.RuntimeException" message="Employee save did not complete: still on addEmployee page">
      <![CDATA[java.lang.RuntimeException: Employee save did not complete: still on addEmployee page
at com.orangehrm.qa.pages.PIMPage.getSuccessToastMessage(PIMPage.java:181)
at com.orangehrm.qa.tests.PIMTest.TC06_AddNewEmployeeTest(PIMTest.java:110)
at java.base/java.util.ArrayList.forEach(ArrayList.java:1596)
Caused by: org.openqa.selenium.TimeoutException: Expected condition failed: waiting for condition to not be valid: url to contain "addEmployee". Current url: "https://opensource-demo.orangehrmlive.com/web/index.php/pim/addEmployee" (tried for 10 second(s) with 500 milliseconds interval)
Build info: version: '4.18.1', revision: 'b1d3319b48'
System info: os.name: 'Windows 11', os.arch: 'amd64', os.version: '10.0', java.version: '21.0.8'
Driver info: org.openqa.selenium.chrome.ChromeDriver
Capabilities {acceptInsecureCerts: false, browserName: chrome, browserVersion: 150.0.7871.187, chrome: {chromedriverVersion: 150.0.7871.124 (9261fd0a595..., userDataDir: C:\Users\Ovindu\AppData\Loc...}, fedcm:accounts: true, goog:chromeOptions: {debuggerAddress: localhost:60652}, goog:processID: 17816, networkConnectionEnabled: false, pageLoadStrategy: normal, platformName: windows, proxy: Proxy(), se:cdp: ws://localhost:60652/devtoo..., se:cdpVersion: 150.0.7871.187, setWindowRect: true, strictFileInteractability: false, timeouts: {implicit: 0, pageLoad: 300000, script: 30000}, unhandledPromptBehavior: dismiss and notify, webauthn:extension:credBlob: true, webauthn:extension:largeBlob: true, webauthn:extension:minPinLength: true, webauthn:extension:prf: true, webauthn:virtualAuthenticators: true}
Session ID: 708540c90328829a9fbeb5204617838a
at org.openqa.selenium.support.ui.WebDriverWait.timeoutException(WebDriverWait.java:84)
at org.openqa.selenium.support.ui.FluentWait.until(FluentWait.java:228)
at com.orangehrm.qa.pages.PIMPage.getSuccessToastMessage(PIMPage.java:177)
... 31 more
... Removed 29 stack frames]]>
    </failure>
  </testcase> <!-- TC06_AddNewEmployeeTest -->
  <testcase classname="com.orangehrm.qa.tests.PIMTest" name="TC07_SearchExistingEmployeeTest" time="0.0">
    <skipped/>
  </testcase> <!-- TC07_SearchExistingEmployeeTest -->
  <testcase classname="com.orangehrm.qa.tests.BaseTest" name="@BeforeSuite beforeSuite" time="0.0">
    <ignored/>
  </testcase> <!-- @BeforeSuite beforeSuite -->
  <testcase classname="com.orangehrm.qa.tests.BaseTest" name="@AfterSuite afterSuite" time="0.0">
    <ignored/>
  </testcase> <!-- @AfterSuite afterSuite -->
</testsuite> <!-- OrangeHRM Full Test Run -->
