<?xml version="1.0" encoding="UTF-8"?>
<testng-results ignored="0" total="7" passed="6" failed="1" skipped="0">
  <reporter-output>
  </reporter-output>
  <suite started-at="2026-08-03T16:54:35 IST" name="OrangeHRM QA Automation Suite" finished-at="2026-08-03T16:55:52 IST" duration-ms="76507">
    <groups>
      <group name="regression">
        <method signature="PIMTest.TC06_AddNewEmployeeTest()[pri:6, instance:com.orangehrm.qa.tests.PIMTest@4466af20]" name="TC06_AddNewEmployeeTest" class="com.orangehrm.qa.tests.PIMTest"/>
        <method signature="PIMTest.TC07_SearchExistingEmployeeTest()[pri:7, instance:com.orangehrm.qa.tests.PIMTest@4466af20]" name="TC07_SearchExistingEmployeeTest" class="com.orangehrm.qa.tests.PIMTest"/>
        <method signature="LoginTest.TC01_ValidLoginTest()[pri:1, instance:com.orangehrm.qa.tests.LoginTest@1a451d4d]" name="TC01_ValidLoginTest" class="com.orangehrm.qa.tests.LoginTest"/>
        <method signature="LoginTest.TC02_InvalidPasswordTest()[pri:2, instance:com.orangehrm.qa.tests.LoginTest@1a451d4d]" name="TC02_InvalidPasswordTest" class="com.orangehrm.qa.tests.LoginTest"/>
        <method signature="LoginTest.TC03_EmptyUsernameTest()[pri:3, instance:com.orangehrm.qa.tests.LoginTest@1a451d4d]" name="TC03_EmptyUsernameTest" class="com.orangehrm.qa.tests.LoginTest"/>
        <method signature="LoginTest.TC04_EmptyPasswordTest()[pri:4, instance:com.orangehrm.qa.tests.LoginTest@1a451d4d]" name="TC04_EmptyPasswordTest" class="com.orangehrm.qa.tests.LoginTest"/>
        <method signature="LoginTest.TC05_BothFieldsEmptyTest()[pri:5, instance:com.orangehrm.qa.tests.LoginTest@1a451d4d]" name="TC05_BothFieldsEmptyTest" class="com.orangehrm.qa.tests.LoginTest"/>
      </group> <!-- regression -->
      <group name="smoke">
        <method signature="PIMTest.TC06_AddNewEmployeeTest()[pri:6, instance:com.orangehrm.qa.tests.PIMTest@4466af20]" name="TC06_AddNewEmployeeTest" class="com.orangehrm.qa.tests.PIMTest"/>
        <method signature="PIMTest.TC07_SearchExistingEmployeeTest()[pri:7, instance:com.orangehrm.qa.tests.PIMTest@4466af20]" name="TC07_SearchExistingEmployeeTest" class="com.orangehrm.qa.tests.PIMTest"/>
        <method signature="LoginTest.TC01_ValidLoginTest()[pri:1, instance:com.orangehrm.qa.tests.LoginTest@1a451d4d]" name="TC01_ValidLoginTest" class="com.orangehrm.qa.tests.LoginTest"/>
        <method signature="LoginTest.TC02_InvalidPasswordTest()[pri:2, instance:com.orangehrm.qa.tests.LoginTest@1a451d4d]" name="TC02_InvalidPasswordTest" class="com.orangehrm.qa.tests.LoginTest"/>
      </group> <!-- smoke -->
    </groups>
    <test started-at="2026-08-03T16:54:35 IST" name="OrangeHRM Full Test Run" finished-at="2026-08-03T16:55:52 IST" duration-ms="76507">
      <class name="com.orangehrm.qa.tests.LoginTest">
        <test-method is-config="true" signature="beforeSuite()[pri:0, instance:com.orangehrm.qa.tests.LoginTest@1a451d4d]" started-at="2026-08-03T16:54:35 IST" name="beforeSuite" finished-at="2026-08-03T16:54:35 IST" duration-ms="170" status="PASS">
          <reporter-output>
          </reporter-output>
        </test-method> <!-- beforeSuite -->
        <test-method is-config="true" signature="beforeMethod()[pri:0, instance:com.orangehrm.qa.tests.LoginTest@1a451d4d]" started-at="2026-08-03T16:54:35 IST" name="beforeMethod" finished-at="2026-08-03T16:54:42 IST" duration-ms="6832" status="PASS">
          <reporter-output>
          </reporter-output>
        </test-method> <!-- beforeMethod -->
        <test-method signature="TC01_ValidLoginTest()[pri:1, instance:com.orangehrm.qa.tests.LoginTest@1a451d4d]" started-at="2026-08-03T16:54:42 IST" name="TC01_ValidLoginTest" description="TC-01: Verify successful login with valid credentials" finished-at="2026-08-03T16:54:44 IST" duration-ms="1819" status="PASS">
          <reporter-output>
          </reporter-output>
        </test-method> <!-- TC01_ValidLoginTest -->
        <test-method is-config="true" signature="afterMethod(org.testng.ITestResult)[pri:0, instance:com.orangehrm.qa.tests.LoginTest@1a451d4d]" started-at="2026-08-03T16:54:44 IST" name="afterMethod" finished-at="2026-08-03T16:54:44 IST" duration-ms="401" status="PASS">
          <params>
            <param index="0">
              <value>
                <![CDATA[[TestResult name=TC01_ValidLoginTest status=SUCCESS method=LoginTest.TC01_ValidLoginTest()[pri:1, instance:com.orangehrm.qa.tests.LoginTest@1a451d4d] output={null}]]]>
              </value>
            </param>
          </params>
          <reporter-output>
          </reporter-output>
        </test-method> <!-- afterMethod -->
        <test-method is-config="true" signature="beforeMethod()[pri:0, instance:com.orangehrm.qa.tests.LoginTest@1a451d4d]" started-at="2026-08-03T16:54:44 IST" name="beforeMethod" finished-at="2026-08-03T16:54:50 IST" duration-ms="5209" status="PASS">
          <reporter-output>
          </reporter-output>
        </test-method> <!-- beforeMethod -->
        <test-method signature="TC02_InvalidPasswordTest()[pri:2, instance:com.orangehrm.qa.tests.LoginTest@1a451d4d]" started-at="2026-08-03T16:54:50 IST" name="TC02_InvalidPasswordTest" description="TC-02: Verify error message with invalid password" finished-at="2026-08-03T16:54:52 IST" duration-ms="2135" status="PASS">
          <reporter-output>
          </reporter-output>
        </test-method> <!-- TC02_InvalidPasswordTest -->
        <test-method is-config="true" signature="afterMethod(org.testng.ITestResult)[pri:0, instance:com.orangehrm.qa.tests.LoginTest@1a451d4d]" started-at="2026-08-03T16:54:52 IST" name="afterMethod" finished-at="2026-08-03T16:54:52 IST" duration-ms="402" status="PASS">
          <params>
            <param index="0">
              <value>
                <![CDATA[[TestResult name=TC02_InvalidPasswordTest status=SUCCESS method=LoginTest.TC02_InvalidPasswordTest()[pri:2, instance:com.orangehrm.qa.tests.LoginTest@1a451d4d] output={null}]]]>
              </value>
            </param>
          </params>
          <reporter-output>
          </reporter-output>
        </test-method> <!-- afterMethod -->
        <test-method is-config="true" signature="beforeMethod()[pri:0, instance:com.orangehrm.qa.tests.LoginTest@1a451d4d]" started-at="2026-08-03T16:54:52 IST" name="beforeMethod" finished-at="2026-08-03T16:54:59 IST" duration-ms="6536" status="PASS">
          <reporter-output>
          </reporter-output>
        </test-method> <!-- beforeMethod -->
        <test-method signature="TC03_EmptyUsernameTest()[pri:3, instance:com.orangehrm.qa.tests.LoginTest@1a451d4d]" started-at="2026-08-03T16:54:59 IST" name="TC03_EmptyUsernameTest" description="TC-03: Verify validation when username is empty" finished-at="2026-08-03T16:54:59 IST" duration-ms="294" status="PASS">
          <reporter-output>
          </reporter-output>
        </test-method> <!-- TC03_EmptyUsernameTest -->
        <test-method is-config="true" signature="afterMethod(org.testng.ITestResult)[pri:0, instance:com.orangehrm.qa.tests.LoginTest@1a451d4d]" started-at="2026-08-03T16:54:59 IST" name="afterMethod" finished-at="2026-08-03T16:55:01 IST" duration-ms="1908" status="PASS">
          <params>
            <param index="0">
              <value>
                <![CDATA[[TestResult name=TC03_EmptyUsernameTest status=SUCCESS method=LoginTest.TC03_EmptyUsernameTest()[pri:3, instance:com.orangehrm.qa.tests.LoginTest@1a451d4d] output={null}]]]>
              </value>
            </param>
          </params>
          <reporter-output>
          </reporter-output>
        </test-method> <!-- afterMethod -->
        <test-method is-config="true" signature="beforeMethod()[pri:0, instance:com.orangehrm.qa.tests.LoginTest@1a451d4d]" started-at="2026-08-03T16:55:01 IST" name="beforeMethod" finished-at="2026-08-03T16:55:13 IST" duration-ms="12413" status="PASS">
          <reporter-output>
          </reporter-output>
        </test-method> <!-- beforeMethod -->
        <test-method signature="TC04_EmptyPasswordTest()[pri:4, instance:com.orangehrm.qa.tests.LoginTest@1a451d4d]" started-at="2026-08-03T16:55:13 IST" name="TC04_EmptyPasswordTest" description="TC-04: Verify validation when password is empty" finished-at="2026-08-03T16:55:14 IST" duration-ms="209" status="PASS">
          <reporter-output>
          </reporter-output>
        </test-method> <!-- TC04_EmptyPasswordTest -->
        <test-method is-config="true" signature="afterMethod(org.testng.ITestResult)[pri:0, instance:com.orangehrm.qa.tests.LoginTest@1a451d4d]" started-at="2026-08-03T16:55:14 IST" name="afterMethod" finished-at="2026-08-03T16:55:14 IST" duration-ms="481" status="PASS">
          <params>
            <param index="0">
              <value>
                <![CDATA[[TestResult name=TC04_EmptyPasswordTest status=SUCCESS method=LoginTest.TC04_EmptyPasswordTest()[pri:4, instance:com.orangehrm.qa.tests.LoginTest@1a451d4d] output={null}]]]>
              </value>
            </param>
          </params>
          <reporter-output>
          </reporter-output>
        </test-method> <!-- afterMethod -->
        <test-method is-config="true" signature="beforeMethod()[pri:0, instance:com.orangehrm.qa.tests.LoginTest@1a451d4d]" started-at="2026-08-03T16:55:14 IST" name="beforeMethod" finished-at="2026-08-03T16:55:21 IST" duration-ms="6942" status="PASS">
          <reporter-output>
          </reporter-output>
        </test-method> <!-- beforeMethod -->
        <test-method signature="TC05_BothFieldsEmptyTest()[pri:5, instance:com.orangehrm.qa.tests.LoginTest@1a451d4d]" started-at="2026-08-03T16:55:21 IST" name="TC05_BothFieldsEmptyTest" description="TC-05: Verify validation when both fields are empty" finished-at="2026-08-03T16:55:21 IST" duration-ms="160" status="PASS">
          <reporter-output>
          </reporter-output>
        </test-method> <!-- TC05_BothFieldsEmptyTest -->
        <test-method is-config="true" signature="afterMethod(org.testng.ITestResult)[pri:0, instance:com.orangehrm.qa.tests.LoginTest@1a451d4d]" started-at="2026-08-03T16:55:21 IST" name="afterMethod" finished-at="2026-08-03T16:55:21 IST" duration-ms="329" status="PASS">
          <params>
            <param index="0">
              <value>
                <![CDATA[[TestResult name=TC05_BothFieldsEmptyTest status=SUCCESS method=LoginTest.TC05_BothFieldsEmptyTest()[pri:5, instance:com.orangehrm.qa.tests.LoginTest@1a451d4d] output={null}]]]>
              </value>
            </param>
          </params>
          <reporter-output>
          </reporter-output>
        </test-method> <!-- afterMethod -->
        <test-method is-config="true" signature="afterSuite()[pri:0, instance:com.orangehrm.qa.tests.LoginTest@1a451d4d]" started-at="2026-08-03T16:55:52 IST" name="afterSuite" finished-at="2026-08-03T16:55:52 IST" duration-ms="310" status="PASS">
          <reporter-output>
          </reporter-output>
        </test-method> <!-- afterSuite -->
      </class> <!-- com.orangehrm.qa.tests.LoginTest -->
      <class name="com.orangehrm.qa.tests.PIMTest">
        <test-method is-config="true" signature="beforeMethod()[pri:0, instance:com.orangehrm.qa.tests.PIMTest@4466af20]" started-at="2026-08-03T16:55:21 IST" name="beforeMethod" finished-at="2026-08-03T16:55:27 IST" duration-ms="5545" status="PASS">
          <reporter-output>
          </reporter-output>
        </test-method> <!-- beforeMethod -->
        <test-method signature="TC06_AddNewEmployeeTest()[pri:6, instance:com.orangehrm.qa.tests.PIMTest@4466af20]" started-at="2026-08-03T16:55:27 IST" name="TC06_AddNewEmployeeTest" description="TC-06: Verify new employee can be added" finished-at="2026-08-03T16:55:42 IST" duration-ms="15197" status="PASS">
          <reporter-output>
          </reporter-output>
        </test-method> <!-- TC06_AddNewEmployeeTest -->
        <test-method is-config="true" signature="afterMethod(org.testng.ITestResult)[pri:0, instance:com.orangehrm.qa.tests.PIMTest@4466af20]" started-at="2026-08-03T16:55:42 IST" name="afterMethod" finished-at="2026-08-03T16:55:43 IST" duration-ms="417" status="PASS">
          <params>
            <param index="0">
              <value>
                <![CDATA[[TestResult name=TC06_AddNewEmployeeTest status=SUCCESS method=PIMTest.TC06_AddNewEmployeeTest()[pri:6, instance:com.orangehrm.qa.tests.PIMTest@4466af20] output={null}]]]>
              </value>
            </param>
          </params>
          <reporter-output>
          </reporter-output>
        </test-method> <!-- afterMethod -->
        <test-method is-config="true" signature="beforeMethod()[pri:0, instance:com.orangehrm.qa.tests.PIMTest@4466af20]" started-at="2026-08-03T16:55:43 IST" name="beforeMethod" finished-at="2026-08-03T16:55:48 IST" duration-ms="4954" status="PASS">
          <reporter-output>
          </reporter-output>
        </test-method> <!-- beforeMethod -->
        <test-method signature="TC07_SearchExistingEmployeeTest()[pri:7, instance:com.orangehrm.qa.tests.PIMTest@4466af20]" started-at="2026-08-03T16:55:48 IST" name="TC07_SearchExistingEmployeeTest" description="TC-07: Verify employee search returns valid results" finished-at="2026-08-03T16:55:51 IST" depends-on-methods="com.orangehrm.qa.tests.PIMTest.TC06_AddNewEmployeeTest" duration-ms="3865" status="FAIL">
          <exception class="org.openqa.selenium.StaleElementReferenceException">
            <message>
              <![CDATA[stale element reference: stale element not found in the current frame
  (Session info: chrome=150.0.7871.187)
For documentation on this error, please visit: https://www.selenium.dev/documentation/webdriver/troubleshooting/errors#stale-element-reference-exception
Build info: version: '4.18.1', revision: 'b1d3319b48'
System info: os.name: 'Windows 11', os.arch: 'amd64', os.version: '10.0', java.version: '21.0.8'
Driver info: org.openqa.selenium.chrome.ChromeDriver
Command: [aee157945d948f9ec51161160c13ea48, getElementText {id=f.31254A0FC859F3F45A2EBACFED0DC5AE.d.9479F6AD501BFDB3A48304A1CB5AE26E.e.122}]
Capabilities {acceptInsecureCerts: false, browserName: chrome, browserVersion: 150.0.7871.187, chrome: {chromedriverVersion: 150.0.7871.124 (9261fd0a595..., userDataDir: C:\Users\Ovindu\AppData\Loc...}, fedcm:accounts: true, goog:chromeOptions: {debuggerAddress: localhost:63691}, goog:processID: 9420, networkConnectionEnabled: false, pageLoadStrategy: normal, platformName: windows, proxy: Proxy(), se:cdp: ws://localhost:63691/devtoo..., se:cdpVersion: 150.0.7871.187, setWindowRect: true, strictFileInteractability: false, timeouts: {implicit: 0, pageLoad: 300000, script: 30000}, unhandledPromptBehavior: dismiss and notify, webauthn:extension:credBlob: true, webauthn:extension:largeBlob: true, webauthn:extension:minPinLength: true, webauthn:extension:prf: true, webauthn:virtualAuthenticators: true}
Element: [[[[ChromeDriver: chrome on windows (aee157945d948f9ec51161160c13ea48)] -> css selector: .oxd-table-body .oxd-table-row]] -> css selector: .oxd-table-cell]
Session ID: aee157945d948f9ec51161160c13ea48]]>
            </message>
            <full-stacktrace>
              <![CDATA[org.openqa.selenium.StaleElementReferenceException: stale element reference: stale element not found in the current frame
  (Session info: chrome=150.0.7871.187)
For documentation on this error, please visit: https://www.selenium.dev/documentation/webdriver/troubleshooting/errors#stale-element-reference-exception
Build info: version: '4.18.1', revision: 'b1d3319b48'
System info: os.name: 'Windows 11', os.arch: 'amd64', os.version: '10.0', java.version: '21.0.8'
Driver info: org.openqa.selenium.chrome.ChromeDriver
Command: [aee157945d948f9ec51161160c13ea48, getElementText {id=f.31254A0FC859F3F45A2EBACFED0DC5AE.d.9479F6AD501BFDB3A48304A1CB5AE26E.e.122}]
Capabilities {acceptInsecureCerts: false, browserName: chrome, browserVersion: 150.0.7871.187, chrome: {chromedriverVersion: 150.0.7871.124 (9261fd0a595..., userDataDir: C:\Users\Ovindu\AppData\Loc...}, fedcm:accounts: true, goog:chromeOptions: {debuggerAddress: localhost:63691}, goog:processID: 9420, networkConnectionEnabled: false, pageLoadStrategy: normal, platformName: windows, proxy: Proxy(), se:cdp: ws://localhost:63691/devtoo..., se:cdpVersion: 150.0.7871.187, setWindowRect: true, strictFileInteractability: false, timeouts: {implicit: 0, pageLoad: 300000, script: 30000}, unhandledPromptBehavior: dismiss and notify, webauthn:extension:credBlob: true, webauthn:extension:largeBlob: true, webauthn:extension:minPinLength: true, webauthn:extension:prf: true, webauthn:virtualAuthenticators: true}
Element: [[[[ChromeDriver: chrome on windows (aee157945d948f9ec51161160c13ea48)] -> css selector: .oxd-table-body .oxd-table-row]] -> css selector: .oxd-table-cell]
Session ID: aee157945d948f9ec51161160c13ea48
at java.base/jdk.internal.reflect.DirectConstructorHandleAccessor.newInstance(DirectConstructorHandleAccessor.java:62)
at java.base/java.lang.reflect.Constructor.newInstanceWithCaller(Constructor.java:502)
at java.base/java.lang.reflect.Constructor.newInstance(Constructor.java:486)
at org.openqa.selenium.remote.ErrorCodec.decode(ErrorCodec.java:167)
at org.openqa.selenium.remote.codec.w3c.W3CHttpResponseCodec.decode(W3CHttpResponseCodec.java:138)
at org.openqa.selenium.remote.codec.w3c.W3CHttpResponseCodec.decode(W3CHttpResponseCodec.java:50)
at org.openqa.selenium.remote.HttpCommandExecutor.execute(HttpCommandExecutor.java:190)
at org.openqa.selenium.remote.service.DriverCommandExecutor.invokeExecute(DriverCommandExecutor.java:216)
at org.openqa.selenium.remote.service.DriverCommandExecutor.execute(DriverCommandExecutor.java:174)
at org.openqa.selenium.remote.RemoteWebDriver.execute(RemoteWebDriver.java:519)
at org.openqa.selenium.remote.RemoteWebElement.execute(RemoteWebElement.java:223)
at org.openqa.selenium.remote.RemoteWebElement.getText(RemoteWebElement.java:191)
at com.orangehrm.qa.pages.PIMPage.getFirstResultEmployeeName(PIMPage.java:285)
at com.orangehrm.qa.tests.PIMTest.TC07_SearchExistingEmployeeTest(PIMTest.java:163)
at java.base/jdk.internal.reflect.DirectMethodHandleAccessor.invoke(DirectMethodHandleAccessor.java:103)
at java.base/java.lang.reflect.Method.invoke(Method.java:580)
at org.testng.internal.invokers.MethodInvocationHelper.invokeMethod(MethodInvocationHelper.java:139)
at org.testng.internal.invokers.TestInvoker.invokeMethod(TestInvoker.java:664)
at org.testng.internal.invokers.TestInvoker.invokeTestMethod(TestInvoker.java:228)
at org.testng.internal.invokers.MethodRunner.runInSequence(MethodRunner.java:63)
at org.testng.internal.invokers.TestInvoker$MethodInvocationAgent.invoke(TestInvoker.java:961)
at org.testng.internal.invokers.TestInvoker.invokeTestMethods(TestInvoker.java:201)
at org.testng.internal.invokers.TestMethodWorker.invokeTestMethods(TestMethodWorker.java:148)
at org.testng.internal.invokers.TestMethodWorker.run(TestMethodWorker.java:128)
at java.base/java.util.ArrayList.forEach(ArrayList.java:1596)
at org.testng.TestRunner.privateRun(TestRunner.java:819)
at org.testng.TestRunner.run(TestRunner.java:619)
at org.testng.SuiteRunner.runTest(SuiteRunner.java:443)
at org.testng.SuiteRunner.runSequentially(SuiteRunner.java:437)
at org.testng.SuiteRunner.privateRun(SuiteRunner.java:397)
at org.testng.SuiteRunner.run(SuiteRunner.java:336)
at org.testng.SuiteRunnerWorker.runSuite(SuiteRunnerWorker.java:52)
at org.testng.SuiteRunnerWorker.run(SuiteRunnerWorker.java:95)
at org.testng.TestNG.runSuitesSequentially(TestNG.java:1301)
at org.testng.TestNG.runSuitesLocally(TestNG.java:1228)
at org.testng.TestNG.runSuites(TestNG.java:1134)
at org.testng.TestNG.run(TestNG.java:1101)
at org.apache.maven.surefire.testng.TestNGExecutor.run(TestNGExecutor.java:308)
at org.apache.maven.surefire.testng.TestNGXmlTestSuite.execute(TestNGXmlTestSuite.java:71)
at org.apache.maven.surefire.testng.TestNGProvider.invoke(TestNGProvider.java:113)
at org.apache.maven.surefire.booter.ForkedBooter.runSuitesInProcess(ForkedBooter.java:385)
at org.apache.maven.surefire.booter.ForkedBooter.execute(ForkedBooter.java:162)
at org.apache.maven.surefire.booter.ForkedBooter.run(ForkedBooter.java:507)
at org.apache.maven.surefire.booter.ForkedBooter.main(ForkedBooter.java:495)
]]>
            </full-stacktrace>
          </exception> <!-- org.openqa.selenium.StaleElementReferenceException -->
          <reporter-output>
          </reporter-output>
        </test-method> <!-- TC07_SearchExistingEmployeeTest -->
        <test-method is-config="true" signature="afterMethod(org.testng.ITestResult)[pri:0, instance:com.orangehrm.qa.tests.PIMTest@4466af20]" started-at="2026-08-03T16:55:51 IST" name="afterMethod" finished-at="2026-08-03T16:55:52 IST" duration-ms="419" status="PASS">
          <params>
            <param index="0">
              <value>
                <![CDATA[[TestResult name=TC07_SearchExistingEmployeeTest status=FAILURE method=PIMTest.TC07_SearchExistingEmployeeTest()[pri:7, instance:com.orangehrm.qa.tests.PIMTest@4466af20] output={null}]]]>
              </value>
            </param>
          </params>
          <reporter-output>
          </reporter-output>
        </test-method> <!-- afterMethod -->
      </class> <!-- com.orangehrm.qa.tests.PIMTest -->
    </test> <!-- OrangeHRM Full Test Run -->
  </suite> <!-- OrangeHRM QA Automation Suite -->
</testng-results>
