<?xml version="1.0" encoding="UTF-8"?>
<testng-results ignored="0" total="7" passed="7" failed="0" skipped="0">
  <reporter-output>
  </reporter-output>
  <suite started-at="2026-08-03T17:09:35 IST" name="OrangeHRM QA Automation Suite" finished-at="2026-08-03T17:12:39 IST" duration-ms="183980">
    <groups>
      <group name="regression">
        <method signature="PIMTest.TC06_AddNewEmployeeTest()[pri:6, instance:com.orangehrm.qa.tests.PIMTest@4466af20]" name="TC06_AddNewEmployeeTest" class="com.orangehrm.qa.tests.PIMTest"/>
        <method signature="PIMTest.TC07_SearchExistingEmployeeTest()[pri:7, instance:com.orangehrm.qa.tests.PIMTest@4466af20]" name="TC07_SearchExistingEmployeeTest" class="com.orangehrm.qa.tests.PIMTest"/>
        <method signature="LoginTest.TC01_ValidLoginTest()[pri:1, instance:com.orangehrm.qa.tests.LoginTest@1a451d4d]" name="TC01_ValidLoginTest" class="com.orangehrm.qa.tests.LoginTest"/>
        <method signature="LoginTest.TC02_InvalidPasswordTest()[pri:2, instance:com.orangehrm.qa.tests.LoginTest@1a451d4d]" name="TC02_InvalidPasswordTest" class="com.orangehrm.qa.tests.LoginTest"/>
        <method signature="LoginTest.TC03_EmptyUsernameTest()[pri:3, instance:com.orangehrm.qa.tests.LoginTest@1a451d4d]" name="TC03_EmptyUsernameTest" class="com.orangehrm.qa.tests.LoginTest"/>
        <method signature="LoginTest.TC04_EmptyPasswordTest()[pri:4, instance:com.orangehrm.qa.tests.LoginTest@1a451d4d]" name="TC04_EmptyPasswordTest" class="com.orangehrm.qa.tests.LoginTest"/>
        <method signature="LoginTest.TC05_BothFieldsEmptyTest()[pri:5, instance:com.orangehrm.qa.tests.LoginTest@1a451d4d]" name="TC05_BothFieldsEmptyTest" class="com.orangehrm.qa.tests.LoginTest"/>
      </group> <!-- regression -->
      <group name="smoke">
        <method signature="PIMTest.TC06_AddNewEmployeeTest()[pri:6, instance:com.orangehrm.qa.tests.PIMTest@4466af20]" name="TC06_AddNewEmployeeTest" class="com.orangehrm.qa.tests.PIMTest"/>
        <method signature="PIMTest.TC07_SearchExistingEmployeeTest()[pri:7, instance:com.orangehrm.qa.tests.PIMTest@4466af20]" name="TC07_SearchExistingEmployeeTest" class="com.orangehrm.qa.tests.PIMTest"/>
        <method signature="LoginTest.TC01_ValidLoginTest()[pri:1, instance:com.orangehrm.qa.tests.LoginTest@1a451d4d]" name="TC01_ValidLoginTest" class="com.orangehrm.qa.tests.LoginTest"/>
        <method signature="LoginTest.TC02_InvalidPasswordTest()[pri:2, instance:com.orangehrm.qa.tests.LoginTest@1a451d4d]" name="TC02_InvalidPasswordTest" class="com.orangehrm.qa.tests.LoginTest"/>
      </group> <!-- smoke -->
    </groups>
    <test started-at="2026-08-03T17:09:35 IST" name="OrangeHRM Full Test Run" finished-at="2026-08-03T17:12:39 IST" duration-ms="183980">
      <class name="com.orangehrm.qa.tests.LoginTest">
        <test-method is-config="true" signature="beforeSuite()[pri:0, instance:com.orangehrm.qa.tests.LoginTest@1a451d4d]" started-at="2026-08-03T17:09:35 IST" name="beforeSuite" finished-at="2026-08-03T17:09:35 IST" duration-ms="207" status="PASS">
          <reporter-output>
          </reporter-output>
        </test-method> <!-- beforeSuite -->
        <test-method is-config="true" signature="beforeMethod()[pri:0, instance:com.orangehrm.qa.tests.LoginTest@1a451d4d]" started-at="2026-08-03T17:09:35 IST" name="beforeMethod" finished-at="2026-08-03T17:09:45 IST" duration-ms="9931" status="PASS">
          <reporter-output>
          </reporter-output>
        </test-method> <!-- beforeMethod -->
        <test-method signature="TC01_ValidLoginTest()[pri:1, instance:com.orangehrm.qa.tests.LoginTest@1a451d4d]" started-at="2026-08-03T17:09:45 IST" name="TC01_ValidLoginTest" description="TC-01: Verify successful login with valid credentials" finished-at="2026-08-03T17:09:50 IST" duration-ms="5179" status="PASS">
          <reporter-output>
          </reporter-output>
        </test-method> <!-- TC01_ValidLoginTest -->
        <test-method is-config="true" signature="afterMethod(org.testng.ITestResult)[pri:0, instance:com.orangehrm.qa.tests.LoginTest@1a451d4d]" started-at="2026-08-03T17:09:50 IST" name="afterMethod" finished-at="2026-08-03T17:09:51 IST" duration-ms="346" status="PASS">
          <params>
            <param index="0">
              <value>
                <![CDATA[[TestResult name=TC01_ValidLoginTest status=SUCCESS method=LoginTest.TC01_ValidLoginTest()[pri:1, instance:com.orangehrm.qa.tests.LoginTest@1a451d4d] output={null}]]]>
              </value>
            </param>
          </params>
          <reporter-output>
          </reporter-output>
        </test-method> <!-- afterMethod -->
        <test-method is-config="true" signature="beforeMethod()[pri:0, instance:com.orangehrm.qa.tests.LoginTest@1a451d4d]" started-at="2026-08-03T17:09:51 IST" name="beforeMethod" finished-at="2026-08-03T17:11:25 IST" duration-ms="94520" status="PASS">
          <reporter-output>
          </reporter-output>
        </test-method> <!-- beforeMethod -->
        <test-method signature="TC02_InvalidPasswordTest()[pri:2, instance:com.orangehrm.qa.tests.LoginTest@1a451d4d]" started-at="2026-08-03T17:11:25 IST" name="TC02_InvalidPasswordTest" description="TC-02: Verify error message with invalid password" finished-at="2026-08-03T17:11:27 IST" duration-ms="1860" status="PASS">
          <reporter-output>
          </reporter-output>
        </test-method> <!-- TC02_InvalidPasswordTest -->
        <test-method is-config="true" signature="afterMethod(org.testng.ITestResult)[pri:0, instance:com.orangehrm.qa.tests.LoginTest@1a451d4d]" started-at="2026-08-03T17:11:27 IST" name="afterMethod" finished-at="2026-08-03T17:11:27 IST" duration-ms="338" status="PASS">
          <params>
            <param index="0">
              <value>
                <![CDATA[[TestResult name=TC02_InvalidPasswordTest status=SUCCESS method=LoginTest.TC02_InvalidPasswordTest()[pri:2, instance:com.orangehrm.qa.tests.LoginTest@1a451d4d] output={null}]]]>
              </value>
            </param>
          </params>
          <reporter-output>
          </reporter-output>
        </test-method> <!-- afterMethod -->
        <test-method is-config="true" signature="beforeMethod()[pri:0, instance:com.orangehrm.qa.tests.LoginTest@1a451d4d]" started-at="2026-08-03T17:11:27 IST" name="beforeMethod" finished-at="2026-08-03T17:11:33 IST" duration-ms="5878" status="PASS">
          <reporter-output>
          </reporter-output>
        </test-method> <!-- beforeMethod -->
        <test-method signature="TC03_EmptyUsernameTest()[pri:3, instance:com.orangehrm.qa.tests.LoginTest@1a451d4d]" started-at="2026-08-03T17:11:33 IST" name="TC03_EmptyUsernameTest" description="TC-03: Verify validation when username is empty" finished-at="2026-08-03T17:11:34 IST" duration-ms="276" status="PASS">
          <reporter-output>
          </reporter-output>
        </test-method> <!-- TC03_EmptyUsernameTest -->
        <test-method is-config="true" signature="afterMethod(org.testng.ITestResult)[pri:0, instance:com.orangehrm.qa.tests.LoginTest@1a451d4d]" started-at="2026-08-03T17:11:34 IST" name="afterMethod" finished-at="2026-08-03T17:11:34 IST" duration-ms="272" status="PASS">
          <params>
            <param index="0">
              <value>
                <![CDATA[[TestResult name=TC03_EmptyUsernameTest status=SUCCESS method=LoginTest.TC03_EmptyUsernameTest()[pri:3, instance:com.orangehrm.qa.tests.LoginTest@1a451d4d] output={null}]]]>
              </value>
            </param>
          </params>
          <reporter-output>
          </reporter-output>
        </test-method> <!-- afterMethod -->
        <test-method is-config="true" signature="beforeMethod()[pri:0, instance:com.orangehrm.qa.tests.LoginTest@1a451d4d]" started-at="2026-08-03T17:11:34 IST" name="beforeMethod" finished-at="2026-08-03T17:11:40 IST" duration-ms="5768" status="PASS">
          <reporter-output>
          </reporter-output>
        </test-method> <!-- beforeMethod -->
        <test-method signature="TC04_EmptyPasswordTest()[pri:4, instance:com.orangehrm.qa.tests.LoginTest@1a451d4d]" started-at="2026-08-03T17:11:40 IST" name="TC04_EmptyPasswordTest" description="TC-04: Verify validation when password is empty" finished-at="2026-08-03T17:11:40 IST" duration-ms="228" status="PASS">
          <reporter-output>
          </reporter-output>
        </test-method> <!-- TC04_EmptyPasswordTest -->
        <test-method is-config="true" signature="afterMethod(org.testng.ITestResult)[pri:0, instance:com.orangehrm.qa.tests.LoginTest@1a451d4d]" started-at="2026-08-03T17:11:40 IST" name="afterMethod" finished-at="2026-08-03T17:11:40 IST" duration-ms="313" status="PASS">
          <params>
            <param index="0">
              <value>
                <![CDATA[[TestResult name=TC04_EmptyPasswordTest status=SUCCESS method=LoginTest.TC04_EmptyPasswordTest()[pri:4, instance:com.orangehrm.qa.tests.LoginTest@1a451d4d] output={null}]]]>
              </value>
            </param>
          </params>
          <reporter-output>
          </reporter-output>
        </test-method> <!-- afterMethod -->
        <test-method is-config="true" signature="beforeMethod()[pri:0, instance:com.orangehrm.qa.tests.LoginTest@1a451d4d]" started-at="2026-08-03T17:11:40 IST" name="beforeMethod" finished-at="2026-08-03T17:12:00 IST" duration-ms="20077" status="PASS">
          <reporter-output>
          </reporter-output>
        </test-method> <!-- beforeMethod -->
        <test-method signature="TC05_BothFieldsEmptyTest()[pri:5, instance:com.orangehrm.qa.tests.LoginTest@1a451d4d]" started-at="2026-08-03T17:12:00 IST" name="TC05_BothFieldsEmptyTest" description="TC-05: Verify validation when both fields are empty" finished-at="2026-08-03T17:12:00 IST" duration-ms="174" status="PASS">
          <reporter-output>
          </reporter-output>
        </test-method> <!-- TC05_BothFieldsEmptyTest -->
        <test-method is-config="true" signature="afterMethod(org.testng.ITestResult)[pri:0, instance:com.orangehrm.qa.tests.LoginTest@1a451d4d]" started-at="2026-08-03T17:12:00 IST" name="afterMethod" finished-at="2026-08-03T17:12:01 IST" duration-ms="356" status="PASS">
          <params>
            <param index="0">
              <value>
                <![CDATA[[TestResult name=TC05_BothFieldsEmptyTest status=SUCCESS method=LoginTest.TC05_BothFieldsEmptyTest()[pri:5, instance:com.orangehrm.qa.tests.LoginTest@1a451d4d] output={null}]]]>
              </value>
            </param>
          </params>
          <reporter-output>
          </reporter-output>
        </test-method> <!-- afterMethod -->
        <test-method is-config="true" signature="afterSuite()[pri:0, instance:com.orangehrm.qa.tests.LoginTest@1a451d4d]" started-at="2026-08-03T17:12:39 IST" name="afterSuite" finished-at="2026-08-03T17:12:39 IST" duration-ms="277" status="PASS">
          <reporter-output>
          </reporter-output>
        </test-method> <!-- afterSuite -->
      </class> <!-- com.orangehrm.qa.tests.LoginTest -->
      <class name="com.orangehrm.qa.tests.PIMTest">
        <test-method is-config="true" signature="beforeMethod()[pri:0, instance:com.orangehrm.qa.tests.PIMTest@4466af20]" started-at="2026-08-03T17:12:01 IST" name="beforeMethod" finished-at="2026-08-03T17:12:07 IST" duration-ms="5894" status="PASS">
          <reporter-output>
          </reporter-output>
        </test-method> <!-- beforeMethod -->
        <test-method signature="TC06_AddNewEmployeeTest()[pri:6, instance:com.orangehrm.qa.tests.PIMTest@4466af20]" started-at="2026-08-03T17:12:07 IST" name="TC06_AddNewEmployeeTest" description="TC-06: Verify new employee can be added" finished-at="2026-08-03T17:12:22 IST" duration-ms="15450" status="PASS">
          <reporter-output>
          </reporter-output>
        </test-method> <!-- TC06_AddNewEmployeeTest -->
        <test-method is-config="true" signature="afterMethod(org.testng.ITestResult)[pri:0, instance:com.orangehrm.qa.tests.PIMTest@4466af20]" started-at="2026-08-03T17:12:22 IST" name="afterMethod" finished-at="2026-08-03T17:12:22 IST" duration-ms="426" status="PASS">
          <params>
            <param index="0">
              <value>
                <![CDATA[[TestResult name=TC06_AddNewEmployeeTest status=SUCCESS method=PIMTest.TC06_AddNewEmployeeTest()[pri:6, instance:com.orangehrm.qa.tests.PIMTest@4466af20] output={null}]]]>
              </value>
            </param>
          </params>
          <reporter-output>
          </reporter-output>
        </test-method> <!-- afterMethod -->
        <test-method is-config="true" signature="beforeMethod()[pri:0, instance:com.orangehrm.qa.tests.PIMTest@4466af20]" started-at="2026-08-03T17:12:22 IST" name="beforeMethod" finished-at="2026-08-03T17:12:34 IST" duration-ms="11576" status="PASS">
          <reporter-output>
          </reporter-output>
        </test-method> <!-- beforeMethod -->
        <test-method signature="TC07_SearchExistingEmployeeTest()[pri:7, instance:com.orangehrm.qa.tests.PIMTest@4466af20]" started-at="2026-08-03T17:12:34 IST" name="TC07_SearchExistingEmployeeTest" description="TC-07: Verify employee search returns valid results" finished-at="2026-08-03T17:12:39 IST" depends-on-methods="com.orangehrm.qa.tests.PIMTest.TC06_AddNewEmployeeTest" duration-ms="4750" status="PASS">
          <reporter-output>
          </reporter-output>
        </test-method> <!-- TC07_SearchExistingEmployeeTest -->
        <test-method is-config="true" signature="afterMethod(org.testng.ITestResult)[pri:0, instance:com.orangehrm.qa.tests.PIMTest@4466af20]" started-at="2026-08-03T17:12:39 IST" name="afterMethod" finished-at="2026-08-03T17:12:39 IST" duration-ms="331" status="PASS">
          <params>
            <param index="0">
              <value>
                <![CDATA[[TestResult name=TC07_SearchExistingEmployeeTest status=SUCCESS method=PIMTest.TC07_SearchExistingEmployeeTest()[pri:7, instance:com.orangehrm.qa.tests.PIMTest@4466af20] output={null}]]]>
              </value>
            </param>
          </params>
          <reporter-output>
          </reporter-output>
        </test-method> <!-- afterMethod -->
      </class> <!-- com.orangehrm.qa.tests.PIMTest -->
    </test> <!-- OrangeHRM Full Test Run -->
  </suite> <!-- OrangeHRM QA Automation Suite -->
</testng-results>
