<?xml version="1.0" encoding="UTF-8"?>
<!-- Generated by org.testng.reporters.JUnitReportReporter -->
<testsuite hostname="Hinata" failures="0" tests="2" name="com.orangehrm.qa.tests.PIMTest" time="38.427" errors="0" timestamp="2026-08-03T17:12:40 IST" skipped="0">
  <testcase classname="com.orangehrm.qa.tests.PIMTest" name="TC06_AddNewEmployeeTest" time="21.770"/>
  <testcase classname="com.orangehrm.qa.tests.PIMTest" name="TC07_SearchExistingEmployeeTest" time="16.657"/>
</testsuite> <!-- com.orangehrm.qa.tests.PIMTest -->
