<?xml version="1.0" encoding="UTF-8"?>
<!-- Generated by org.testng.reporters.JUnitReportReporter -->
<testsuite hostname="Hinata" failures="0" tests="5" name="com.orangehrm.qa.tests.LoginTest" time="75.561" errors="0" timestamp="2026-08-03T15:41:38 IST" skipped="0">
  <testcase classname="com.orangehrm.qa.tests.LoginTest" name="TC01_ValidLoginTest" time="9.538"/>
  <testcase classname="com.orangehrm.qa.tests.LoginTest" name="TC02_InvalidPasswordTest" time="19.408"/>
  <testcase classname="com.orangehrm.qa.tests.LoginTest" name="TC03_EmptyUsernameTest" time="12.342"/>
  <testcase classname="com.orangehrm.qa.tests.LoginTest" name="TC04_EmptyPasswordTest" time="15.410"/>
  <testcase classname="com.orangehrm.qa.tests.LoginTest" name="TC05_BothFieldsEmptyTest" time="18.863"/>
</testsuite> <!-- com.orangehrm.qa.tests.LoginTest -->
