<?xml version="1.0" encoding="UTF-8"?>
<!-- Generated by org.testng.reporters.JUnitReportReporter -->
<testsuite hostname="Hinata" failures="0" tests="2" name="com.orangehrm.qa.tests.PIMTest" time="31.758" errors="0" timestamp="2026-08-05T22:58:03 IST" skipped="0">
  <testcase classname="com.orangehrm.qa.tests.PIMTest" name="TC06_AddNewEmployeeTest" time="21.309"/>
  <testcase classname="com.orangehrm.qa.tests.PIMTest" name="TC07_SearchExistingEmployeeTest" time="10.449"/>
</testsuite> <!-- com.orangehrm.qa.tests.PIMTest -->
